{"/Users/senen.freire/workspace/react-native-practice/App.js": {"path":"/Users/senen.freire/workspace/react-native-practice/App.js","statementMap":{"0":{"start":{"line":7,"column":2},"end":{"line":14,"column":4}},"1":{"start":{"line":17,"column":15},"end":{"line":25,"column":2}}},"fnMap":{"0":{"name":"App","decl":{"start":{"line":6,"column":24},"end":{"line":6,"column":27}},"loc":{"start":{"line":6,"column":30},"end":{"line":15,"column":1}},"line":6}},"branchMap":{},"s":{"0":1,"1":1},"f":{"0":1},"b":{},"_coverageSchema":"1a1c01bbd47fc00a2c39e90264f33305004495a9","hash":"efd7740d0d616ec8a246d7d3a3319937675bba62"}
,"/Users/senen.freire/workspace/react-native-practice/components/GameCard.jsx": {"path":"/Users/senen.freire/workspace/react-native-practice/components/GameCard.jsx","statementMap":{"0":{"start":{"line":14,"column":24},"end":{"line":14,"column":41}},"1":{"start":{"line":17,"column":2},"end":{"line":34,"column":4}},"2":{"start":{"line":38,"column":18},"end":{"line":38,"column":55}},"3":{"start":{"line":40,"column":2},"end":{"line":47,"column":23}},"4":{"start":{"line":41,"column":4},"end":{"line":46,"column":15}},"5":{"start":{"line":49,"column":2},"end":{"line":53,"column":4}},"6":{"start":{"line":56,"column":15},"end":{"line":62,"column":2}}},"fnMap":{"0":{"name":"GameCard","decl":{"start":{"line":16,"column":16},"end":{"line":16,"column":24}},"loc":{"start":{"line":16,"column":35},"end":{"line":35,"column":1}},"line":16},"1":{"name":"AnimatedGameCard","decl":{"start":{"line":37,"column":16},"end":{"line":37,"column":32}},"loc":{"start":{"line":37,"column":50},"end":{"line":54,"column":1}},"line":37},"2":{"name":"(anonymous_2)","decl":{"start":{"line":40,"column":12},"end":{"line":40,"column":13}},"loc":{"start":{"line":40,"column":18},"end":{"line":47,"column":3}},"line":40}},"branchMap":{},"s":{"0":1,"1":0,"2":0,"3":0,"4":0,"5":0,"6":1},"f":{"0":0,"1":0,"2":0},"b":{},"_coverageSchema":"1a1c01bbd47fc00a2c39e90264f33305004495a9","hash":"d9da0b52ab343ed687e569b0a7c4e84febd665d2"}
,"/Users/senen.freire/workspace/react-native-practice/components/Main.jsx": {"path":"/Users/senen.freire/workspace/react-native-practice/components/Main.jsx","statementMap":{"0":{"start":{"line":15,"column":28},"end":{"line":15,"column":40}},"1":{"start":{"line":17,"column":2},"end":{"line":19,"column":9}},"2":{"start":{"line":18,"column":4},"end":{"line":18,"column":54}},"3":{"start":{"line":18,"column":37},"end":{"line":18,"column":52}},"4":{"start":{"line":21,"column":2},"end":{"line":42,"column":4}},"5":{"start":{"line":35,"column":34},"end":{"line":35,"column":43}},"6":{"start":{"line":37,"column":12},"end":{"line":37,"column":58}},"7":{"start":{"line":45,"column":15},"end":{"line":51,"column":2}}},"fnMap":{"0":{"name":"Main","decl":{"start":{"line":14,"column":16},"end":{"line":14,"column":20}},"loc":{"start":{"line":14,"column":23},"end":{"line":43,"column":1}},"line":14},"1":{"name":"(anonymous_1)","decl":{"start":{"line":17,"column":12},"end":{"line":17,"column":13}},"loc":{"start":{"line":17,"column":18},"end":{"line":19,"column":3}},"line":17},"2":{"name":"(anonymous_2)","decl":{"start":{"line":18,"column":26},"end":{"line":18,"column":27}},"loc":{"start":{"line":18,"column":37},"end":{"line":18,"column":52}},"line":18},"3":{"name":"(anonymous_3)","decl":{"start":{"line":35,"column":24},"end":{"line":35,"column":25}},"loc":{"start":{"line":35,"column":34},"end":{"line":35,"column":43}},"line":35},"4":{"name":"(anonymous_4)","decl":{"start":{"line":36,"column":22},"end":{"line":36,"column":23}},"loc":{"start":{"line":37,"column":12},"end":{"line":37,"column":58}},"line":37}},"branchMap":{"0":{"loc":{"start":{"line":28,"column":7},"end":{"line":40,"column":7}},"type":"cond-expr","locations":[{"start":{"line":29,"column":8},"end":{"line":31,"column":15}},{"start":{"line":33,"column":8},"end":{"line":39,"column":10}}],"line":28}},"s":{"0":1,"1":1,"2":1,"3":0,"4":1,"5":0,"6":0,"7":1},"f":{"0":1,"1":1,"2":0,"3":0,"4":0},"b":{"0":[1,0]},"_coverageSchema":"1a1c01bbd47fc00a2c39e90264f33305004495a9","hash":"6c505ac65ecdfb7cade9f1b088b5e3c7002005a8"}
,"/Users/senen.freire/workspace/react-native-practice/components/Score.jsx": {"path":"/Users/senen.freire/workspace/react-native-practice/components/Score.jsx","statementMap":{"0":{"start":{"line":4,"column":19},"end":{"line":13,"column":3}},"1":{"start":{"line":5,"column":23},"end":{"line":5,"column":47}},"2":{"start":{"line":6,"column":4},"end":{"line":12,"column":5}},"3":{"start":{"line":7,"column":6},"end":{"line":7,"column":28}},"4":{"start":{"line":8,"column":11},"end":{"line":12,"column":5}},"5":{"start":{"line":9,"column":6},"end":{"line":9,"column":29}},"6":{"start":{"line":11,"column":6},"end":{"line":11,"column":26}},"7":{"start":{"line":15,"column":20},"end":{"line":15,"column":30}},"8":{"start":{"line":17,"column":2},"end":{"line":23,"column":4}}},"fnMap":{"0":{"name":"Score","decl":{"start":{"line":3,"column":16},"end":{"line":3,"column":21}},"loc":{"start":{"line":3,"column":43},"end":{"line":24,"column":1}},"line":3},"1":{"name":"(anonymous_1)","decl":{"start":{"line":4,"column":19},"end":{"line":4,"column":20}},"loc":{"start":{"line":4,"column":25},"end":{"line":13,"column":3}},"line":4}},"branchMap":{"0":{"loc":{"start":{"line":6,"column":4},"end":{"line":12,"column":5}},"type":"if","locations":[{"start":{"line":6,"column":4},"end":{"line":12,"column":5}},{"start":{"line":8,"column":11},"end":{"line":12,"column":5}}],"line":6},"1":{"loc":{"start":{"line":8,"column":11},"end":{"line":12,"column":5}},"type":"if","locations":[{"start":{"line":8,"column":11},"end":{"line":12,"column":5}},{"start":{"line":10,"column":11},"end":{"line":12,"column":5}}],"line":8}},"s":{"0":0,"1":0,"2":0,"3":0,"4":0,"5":0,"6":0,"7":0,"8":0},"f":{"0":0,"1":0},"b":{"0":[0,0],"1":[0,0]},"_coverageSchema":"1a1c01bbd47fc00a2c39e90264f33305004495a9","hash":"e51087aa1c253703f9aa9afaaa38b2f40d5c266c"}
,"/Users/senen.freire/workspace/react-native-practice/components/ScreenLayout.jsx": {"path":"/Users/senen.freire/workspace/react-native-practice/components/ScreenLayout.jsx","statementMap":{"0":{"start":{"line":4,"column":2},"end":{"line":4,"column":71}}},"fnMap":{"0":{"name":"ScreenLayout","decl":{"start":{"line":3,"column":16},"end":{"line":3,"column":28}},"loc":{"start":{"line":3,"column":43},"end":{"line":5,"column":1}},"line":3}},"branchMap":{},"s":{"0":1},"f":{"0":1},"b":{},"_coverageSchema":"1a1c01bbd47fc00a2c39e90264f33305004495a9","hash":"6b692559ef6cd65e797d3c2d8da055b00f8ca983"}
,"/Users/senen.freire/workspace/react-native-practice/lib/metacritic.js": {"path":"/Users/senen.freire/workspace/react-native-practice/lib/metacritic.js","statementMap":{"0":{"start":{"line":3,"column":4},"end":{"line":3,"column":216}},"1":{"start":{"line":5,"column":18},"end":{"line":5,"column":43}},"2":{"start":{"line":6,"column":15},"end":{"line":6,"column":35}},"3":{"start":{"line":10,"column":6},"end":{"line":10,"column":10}},"4":{"start":{"line":12,"column":2},"end":{"line":29,"column":5}},"5":{"start":{"line":14,"column":6},"end":{"line":14,"column":10}},"6":{"start":{"line":15,"column":22},"end":{"line":15,"column":40}},"7":{"start":{"line":18,"column":39},"end":{"line":18,"column":44}},"8":{"start":{"line":19,"column":16},"end":{"line":19,"column":77}},"9":{"start":{"line":21,"column":4},"end":{"line":28,"column":6}},"10":{"start":{"line":33,"column":23},"end":{"line":33,"column":157}},"11":{"start":{"line":35,"column":18},"end":{"line":35,"column":43}},"12":{"start":{"line":36,"column":15},"end":{"line":36,"column":35}},"13":{"start":{"line":38,"column":25},"end":{"line":38,"column":29}},"14":{"start":{"line":40,"column":4},"end":{"line":40,"column":27}},"15":{"start":{"line":41,"column":20},"end":{"line":41,"column":38}},"16":{"start":{"line":44,"column":20},"end":{"line":44,"column":74}},"17":{"start":{"line":44,"column":43},"end":{"line":44,"column":73}},"18":{"start":{"line":45,"column":37},"end":{"line":45,"column":46}},"19":{"start":{"line":46,"column":14},"end":{"line":46,"column":75}},"20":{"start":{"line":48,"column":21},"end":{"line":48,"column":45}},"21":{"start":{"line":51,"column":18},"end":{"line":54,"column":4}},"22":{"start":{"line":52,"column":60},"end":{"line":52,"column":66}},"23":{"start":{"line":53,"column":4},"end":{"line":53,"column":59}},"24":{"start":{"line":56,"column":2},"end":{"line":63,"column":4}}},"fnMap":{"0":{"name":"getLatestGames","decl":{"start":{"line":1,"column":22},"end":{"line":1,"column":36}},"loc":{"start":{"line":1,"column":39},"end":{"line":30,"column":1}},"line":1},"1":{"name":"(anonymous_1)","decl":{"start":{"line":12,"column":19},"end":{"line":12,"column":20}},"loc":{"start":{"line":12,"column":29},"end":{"line":29,"column":3}},"line":12},"2":{"name":"getGameDetails","decl":{"start":{"line":32,"column":22},"end":{"line":32,"column":36}},"loc":{"start":{"line":32,"column":43},"end":{"line":64,"column":1}},"line":32},"3":{"name":"(anonymous_3)","decl":{"start":{"line":44,"column":32},"end":{"line":44,"column":33}},"loc":{"start":{"line":44,"column":43},"end":{"line":44,"column":73}},"line":44},"4":{"name":"(anonymous_4)","decl":{"start":{"line":51,"column":33},"end":{"line":51,"column":34}},"loc":{"start":{"line":51,"column":45},"end":{"line":54,"column":3}},"line":51}},"branchMap":{},"s":{"0":1,"1":1,"2":0,"3":0,"4":0,"5":0,"6":0,"7":0,"8":0,"9":0,"10":0,"11":0,"12":0,"13":0,"14":0,"15":0,"16":0,"17":0,"18":0,"19":0,"20":0,"21":0,"22":0,"23":0,"24":0},"f":{"0":1,"1":0,"2":0,"3":0,"4":0},"b":{},"_coverageSchema":"1a1c01bbd47fc00a2c39e90264f33305004495a9","hash":"ef39538e459808fb3eea70cbf72878019e4c122c"}
}
