TN:
SF:App.js
FN:6,App
FNF:1
FNH:1
FNDA:1,App
DA:7,1
DA:17,1
LF:2
LH:2
BRF:0
BRH:0
end_of_record
TN:
SF:components/GameCard.jsx
FN:16,GameCard
FN:37,AnimatedGameCard
FN:40,(anonymous_2)
FNF:3
FNH:0
FNDA:0,GameCard
FNDA:0,AnimatedGameCard
FNDA:0,(anonymous_2)
DA:14,1
DA:17,0
DA:38,0
DA:40,0
DA:41,0
DA:49,0
DA:56,1
LF:7
LH:2
BRF:0
BRH:0
end_of_record
TN:
SF:components/Main.jsx
FN:14,Main
FN:17,(anonymous_1)
FN:18,(anonymous_2)
FN:35,(anonymous_3)
FN:36,(anonymous_4)
FNF:5
FNH:2
FNDA:1,Main
FNDA:1,(anonymous_1)
FNDA:0,(anonymous_2)
FNDA:0,(anonymous_3)
FNDA:0,(anonymous_4)
DA:15,1
DA:17,1
DA:18,1
DA:21,1
DA:35,0
DA:37,0
DA:45,1
LF:7
LH:5
BRDA:28,0,0,1
BRDA:28,0,1,0
BRF:2
BRH:1
end_of_record
TN:
SF:components/Score.jsx
FN:3,Score
FN:4,(anonymous_1)
FNF:2
FNH:0
FNDA:0,Score
FNDA:0,(anonymous_1)
DA:4,0
DA:5,0
DA:6,0
DA:7,0
DA:8,0
DA:9,0
DA:11,0
DA:15,0
DA:17,0
LF:9
LH:0
BRDA:6,0,0,0
BRDA:6,0,1,0
BRDA:8,1,0,0
BRDA:8,1,1,0
BRF:4
BRH:0
end_of_record
TN:
SF:components/ScreenLayout.jsx
FN:3,ScreenLayout
FNF:1
FNH:1
FNDA:1,ScreenLayout
DA:4,1
LF:1
LH:1
BRF:0
BRH:0
end_of_record
TN:
SF:lib/metacritic.js
FN:1,getLatestGames
FN:12,(anonymous_1)
FN:32,getGameDetails
FN:44,(anonymous_3)
FN:51,(anonymous_4)
FNF:5
FNH:1
FNDA:1,getLatestGames
FNDA:0,(anonymous_1)
FNDA:0,getGameDetails
FNDA:0,(anonymous_3)
FNDA:0,(anonymous_4)
DA:3,1
DA:5,1
DA:6,0
DA:10,0
DA:12,0
DA:14,0
DA:15,0
DA:18,0
DA:19,0
DA:21,0
DA:33,0
DA:35,0
DA:36,0
DA:38,0
DA:40,0
DA:41,0
DA:44,0
DA:45,0
DA:46,0
DA:48,0
DA:51,0
DA:52,0
DA:53,0
DA:56,0
LF:24
LH:2
BRF:0
BRH:0
end_of_record
